<?xml version="1.0" encoding="UTF-8"?>
<!-- Generated by org.testng.reporters.JUnitReportReporter -->
<testsuite skipped="0" hostname="DESKTOP-OV7KID3" name="Test.GoogleFinanceTest" tests="1" failures="0" timestamp="28 Jun 2019 14:29:32 GMT" time="53.099" errors="0">
  <testcase name="GoogleFinanceMarketDetailTest" time="53.099" classname="Test.GoogleFinanceTest"/>
</testsuite> <!-- Test.GoogleFinanceTest -->
